[0.345s] Invoking command in '/home/desktop/f1tenth/src/slam': PYTHONPATH=/home/desktop/f1tenth/src/slam/build/slam/prefix_override:/usr/lib/python3/dist-packages/colcon_core/task/python/colcon_distutils_commands:/home/desktop/f1tenth/src/slam/install/slam/lib/python3.10/site-packages:${PYTHONPATH} /usr/bin/python3 -W ignore:setup.py install is deprecated -W ignore:easy_install command is deprecated setup.py egg_info --egg-base build/slam build --build-base /home/desktop/f1tenth/src/slam/build/slam/build install --record /home/desktop/f1tenth/src/slam/build/slam/install.log --single-version-externally-managed install_data
[0.482s] running egg_info
[0.483s] writing build/slam/slam.egg-info/PKG-INFO
[0.483s] writing dependency_links to build/slam/slam.egg-info/dependency_links.txt
[0.483s] writing entry points to build/slam/slam.egg-info/entry_points.txt
[0.483s] writing requirements to build/slam/slam.egg-info/requires.txt
[0.483s] writing top-level names to build/slam/slam.egg-info/top_level.txt
[0.485s] reading manifest file 'build/slam/slam.egg-info/SOURCES.txt'
[0.485s] writing manifest file 'build/slam/slam.egg-info/SOURCES.txt'
[0.485s] running build
[0.485s] running build_py
[0.486s] running install
[0.486s] running install_lib
[0.487s] running install_data
[0.487s] copying launch/slam_toolbox_launch.py -> /home/desktop/f1tenth/src/slam/install/slam/share/slam/launch
[0.487s] running install_egg_info
[0.489s] removing '/home/desktop/f1tenth/src/slam/install/slam/lib/python3.10/site-packages/slam-0.0.0-py3.10.egg-info' (and everything under it)
[0.489s] Copying build/slam/slam.egg-info to /home/desktop/f1tenth/src/slam/install/slam/lib/python3.10/site-packages/slam-0.0.0-py3.10.egg-info
[0.490s] running install_scripts
[0.503s] writing list of installed files to '/home/desktop/f1tenth/src/slam/build/slam/install.log'
[0.520s] Invoked command in '/home/desktop/f1tenth/src/slam' returned '0': PYTHONPATH=/home/desktop/f1tenth/src/slam/build/slam/prefix_override:/usr/lib/python3/dist-packages/colcon_core/task/python/colcon_distutils_commands:/home/desktop/f1tenth/src/slam/install/slam/lib/python3.10/site-packages:${PYTHONPATH} /usr/bin/python3 -W ignore:setup.py install is deprecated -W ignore:easy_install command is deprecated setup.py egg_info --egg-base build/slam build --build-base /home/desktop/f1tenth/src/slam/build/slam/build install --record /home/desktop/f1tenth/src/slam/build/slam/install.log --single-version-externally-managed install_data
